<?xml version="1.0" encoding="UTF-8"?>
<!-- Generated by org.testng.reporters.JUnitXMLReporter -->
<testsuite ignored="0" hostname="LAPTOP-IK8VGAHU" failures="0" tests="5" name="Default test" time="23.037" errors="0" timestamp="2022-12-08T15:54:35 IST">
  <testcase classname="sample.Login" name="verifyUserLoginWithValidCredential" time="1.326"/>
  <testcase classname="sample.Login" name="verifyUserLoginWithInvalidUserNameAndValidPassword" time="1.181"/>
  <testcase classname="sample.Login" name="verifyUserLoginWithValidUserNameAndInvalidPassword" time="1.362"/>
  <testcase classname="sample.Login" name="verifyUserLoginWithInvalidCredentials" time="1.217"/>
  <testcase classname="sample.Login" name="verifyUserLoginWithoutGivingCredentials" time="1.004"/>
</testsuite> <!-- Default test -->
