<?xml version="1.0" encoding="UTF-8"?>
<!-- Generated by org.testng.reporters.JUnitXMLReporter -->
<testsuite ignored="0" hostname="LAPTOP-IK8VGAHU" failures="0" tests="7" name="Default test" time="0.232" errors="0" timestamp="2022-12-28T18:43:47 IST">
  <testcase classname="dataProviders.DataProvider_Object" name="m1" time="0.021"/>
  <testcase classname="dataProviders.DataProvider_Object" name="m1" time="0.002"/>
  <testcase classname="dataProviders.DataProvider_Object" name="m1" time="0.003"/>
  <testcase classname="dataProviders.DataProvider_Object" name="m2" time="0.004"/>
  <testcase classname="dataProviders.DataProvider_Object" name="m2" time="0.008"/>
  <testcase classname="dataProviders.DataProvider_Object" name="m2" time="0.003"/>
  <testcase classname="dataProviders.DataProvider_Object" name="m2" time="0.002"/>
</testsuite> <!-- Default test -->
