<?xml version="1.0" encoding="UTF-8"?>
<!-- Generated by org.testng.reporters.JUnitXMLReporter -->
<testsuite ignored="0" hostname="LAPTOP-IK8VGAHU" failures="0" tests="5" name="LoginTest" time="0.032" errors="0" timestamp="2022-12-15T12:50:26 IST">
  <testcase classname="grouping.LoginGroup" name="LoginWithValidCredentials" time="0.002"/>
  <testcase classname="grouping.LoginGroup" name="LoginWithInValidCredentials" time="0.002"/>
  <testcase classname="grouping.LoginGroup" name="LoginWithValidUserNameAndInvalidPassword" time="0.002"/>
  <testcase classname="grouping.LoginGroup" name="LoginWithInValidUserNameAndValidPassword" time="0.003"/>
  <testcase classname="grouping.LoginGroup" name="LoginWithNoCredentials" time="0.003"/>
</testsuite> <!-- LoginTest -->
