<?xml version="1.0" encoding="UTF-8"?>
<!-- Generated by org.testng.reporters.JUnitXMLReporter -->
<testsuite ignored="3" hostname="LAPTOP-IK8VGAHU" failures="0" tests="2" name="LoginTest" time="0.008" errors="0" timestamp="2022-12-13T15:00:06 IST">
  <testcase classname="grouping.LoginGroup" name="LoginWithValidCredentials" time="0.002"/>
  <testcase classname="grouping.LoginGroup" name="LoginWithNoCredentials" time="0.001"/>
  <testcase classname="grouping.LoginGroup" name="LoginWithInValidUserNameAndValidPassword" time="0.0">
    <ignored/>
  </testcase> <!-- LoginWithInValidUserNameAndValidPassword -->
  <testcase classname="grouping.LoginGroup" name="LoginWithInValidCredentials" time="0.0">
    <ignored/>
  </testcase> <!-- LoginWithInValidCredentials -->
  <testcase classname="grouping.LoginGroup" name="LoginWithValidUserNameAndInvalidPassword" time="0.0">
    <ignored/>
  </testcase> <!-- LoginWithValidUserNameAndInvalidPassword -->
</testsuite> <!-- LoginTest -->
