<?xml version="1.0" encoding="UTF-8"?>
<!-- Generated by org.testng.reporters.JUnitXMLReporter -->
<testsuite ignored="2" hostname="LAPTOP-IK8VGAHU" failures="0" tests="2" name="RegisterTest" time="0.09" errors="0" timestamp="2022-12-13T15:00:06 IST">
  <testcase classname="grouping.Register" name="registerByProvidingOnlyMandatoryFields" time="0.015"/>
  <testcase classname="grouping.Register" name="registerByProvidingDuplicateEmailAddress" time="0.002"/>
  <testcase classname="grouping.Register" name="registerByProvidingAllFields" time="0.0">
    <ignored/>
  </testcase> <!-- registerByProvidingAllFields -->
  <testcase classname="grouping.Register" name="registerByNotProvidingAnyFields" time="0.0">
    <ignored/>
  </testcase> <!-- registerByNotProvidingAnyFields -->
</testsuite> <!-- RegisterTest -->
