<?xml version="1.0" encoding="UTF-8"?>
<!-- Generated by org.testng.reporters.JUnitXMLReporter -->
<testsuite ignored="1" hostname="LAPTOP-IK8VGAHU" failures="0" tests="2" name="SearchTest" time="0.008" errors="0" timestamp="2022-12-13T15:00:06 IST">
  <testcase classname="grouping.Search" name="searchWithValidProduct" time="0.001"/>
  <testcase classname="grouping.Search" name="searchWithOutAnySearchItem" time="0.001"/>
  <testcase classname="grouping.Search" name="searchWithInValidProduct" time="0.0">
    <ignored/>
  </testcase> <!-- searchWithInValidProduct -->
</testsuite> <!-- SearchTest -->
