<?xml version="1.0" encoding="UTF-8"?>
<!-- Generated by org.testng.reporters.JUnitXMLReporter -->
<testsuite ignored="0" hostname="LAPTOP-IK8VGAHU" failures="0" tests="3" name="SearchTest" time="0.024" errors="0" timestamp="2022-12-15T12:50:26 IST">
  <testcase classname="grouping.Search" name="searchWithValidProduct" time="0.004"/>
  <testcase classname="grouping.Search" name="searchWithInValidProduct" time="0.002"/>
  <testcase classname="grouping.Search" name="searchWithOutAnySearchItem" time="0.004"/>
</testsuite> <!-- SearchTest -->
