<?xml version="1.0" encoding="UTF-8"?>
<!-- Generated by org.testng.reporters.JUnitXMLReporter -->
<testsuite ignored="3" hostname="LAPTOP-IK8VGAHU" failures="0" tests="2" name="TestOne" time="7.323" errors="0" timestamp="2022-12-07T16:25:38 IST">
  <testcase classname="sample.Login" name="verifyUserLoginWithValidCredential" time="0.863"/>
  <testcase classname="sample.Login" name="verifyUserLoginWithoutGivingCredentials" time="0.711"/>
  <testcase classname="sample.Login" name="verifyUserLoginWithInvalidCredentials" time="0.0">
    <ignored/>
  </testcase> <!-- verifyUserLoginWithInvalidCredentials -->
  <testcase classname="sample.Login" name="verifyUserLoginWithValidUserNameAndInvalidPassword" time="0.0">
    <ignored/>
  </testcase> <!-- verifyUserLoginWithValidUserNameAndInvalidPassword -->
  <testcase classname="sample.Login" name="verifyUserLoginWithInvalidUserNameAndValidPassword" time="0.0">
    <ignored/>
  </testcase> <!-- verifyUserLoginWithInvalidUserNameAndValidPassword -->
</testsuite> <!-- TestOne -->
