<?xml version="1.0" encoding="UTF-8"?>
<!-- Generated by org.testng.reporters.JUnitXMLReporter -->
<testsuite ignored="2" hostname="LAPTOP-IK8VGAHU" failures="0" tests="3" name="TestTwo" time="6.923" errors="0" timestamp="2022-12-07T16:25:45 IST">
  <testcase classname="sample.Login" name="verifyUserLoginWithInvalidUserNameAndValidPassword" time="0.759"/>
  <testcase classname="sample.Login" name="verifyUserLoginWithValidUserNameAndInvalidPassword" time="0.726"/>
  <testcase classname="sample.Login" name="verifyUserLoginWithInvalidCredentials" time="0.775"/>
  <testcase classname="sample.Login" name="verifyUserLoginWithoutGivingCredentials" time="0.0">
    <ignored/>
  </testcase> <!-- verifyUserLoginWithoutGivingCredentials -->
  <testcase classname="sample.Login" name="verifyUserLoginWithValidCredential" time="0.0">
    <ignored/>
  </testcase> <!-- verifyUserLoginWithValidCredential -->
</testsuite> <!-- TestTwo -->
