<?xml version="1.0" encoding="UTF-8"?>
<!-- Generated by org.testng.reporters.JUnitXMLReporter -->
<testsuite ignored="0" hostname="LAPTOP-IK8VGAHU" failures="0" tests="12" name="Test" time="0.209" errors="0" timestamp="2022-12-13T12:24:39 IST">
  <testcase classname="grouping.Register" name="registerByNotProvidingAnyFields" time="0.013"/>
  <testcase classname="grouping.Register" name="registerByProvidingAllFields" time="0.003"/>
  <testcase classname="grouping.Register" name="registerByProvidingDuplicateEmailAddress" time="0.002"/>
  <testcase classname="grouping.Register" name="registerByProvidingOnlyMandatoryFields" time="0.002"/>
  <testcase classname="grouping.Search" name="searchWithInValidProduct" time="0.002"/>
  <testcase classname="grouping.Search" name="searchWithOutAnySearchItem" time="0.001"/>
  <testcase classname="grouping.Search" name="searchWithValidProduct" time="0.002"/>
  <testcase classname="grouping.LoginGroup" name="LoginWithInValidCredentials" time="0.002"/>
  <testcase classname="grouping.LoginGroup" name="LoginWithInValidUserNameAndValidPassword" time="0.002"/>
  <testcase classname="grouping.LoginGroup" name="LoginWithNoCredentials" time="0.002"/>
  <testcase classname="grouping.LoginGroup" name="LoginWithValidCredentials" time="0.001"/>
  <testcase classname="grouping.LoginGroup" name="LoginWithValidUserNameAndInvalidPassword" time="0.001"/>
</testsuite> <!-- Test -->
