<?xml version="1.0" encoding="UTF-8"?>
<testng-results ignored="0" total="3" passed="3" failed="0" skipped="0">
  <reporter-output>
  </reporter-output>
  <suite started-at="2022-12-30T12:57:43 IST" name="Default suite" finished-at="2022-12-30T12:57:44 IST" duration-ms="83">
    <groups>
    </groups>
    <test started-at="2022-12-30T12:57:43 IST" name="Default test" finished-at="2022-12-30T12:57:44 IST" duration-ms="83">
      <class name="dataProviders.JaggedArrays_DataProviders">
        <test-method signature="sampleTest([Ljava.lang.Object;)[pri:0, instance:dataProviders.JaggedArrays_DataProviders@740cae06]" started-at="2022-12-30T12:57:44 IST" name="sampleTest" data-provider="Data_Supplier" finished-at="2022-12-30T12:57:44 IST" duration-ms="9" status="PASS">
          <params>
            <param index="0">
              <value>
                <![CDATA[[Ljava.lang.Object;@60db1c0e]]>
              </value>
            </param>
          </params>
          <reporter-output>
          </reporter-output>
        </test-method> <!-- sampleTest -->
        <test-method signature="sampleTest([Ljava.lang.Object;)[pri:0, instance:dataProviders.JaggedArrays_DataProviders@740cae06]" started-at="2022-12-30T12:57:44 IST" name="sampleTest" data-provider="Data_Supplier" finished-at="2022-12-30T12:57:44 IST" duration-ms="1" status="PASS">
          <params>
            <param index="0">
              <value>
                <![CDATA[[Ljava.lang.Object;@7068e664]]>
              </value>
            </param>
          </params>
          <reporter-output>
          </reporter-output>
        </test-method> <!-- sampleTest -->
        <test-method signature="sampleTest([Ljava.lang.Object;)[pri:0, instance:dataProviders.JaggedArrays_DataProviders@740cae06]" started-at="2022-12-30T12:57:44 IST" name="sampleTest" data-provider="Data_Supplier" finished-at="2022-12-30T12:57:44 IST" duration-ms="1" status="PASS">
          <params>
            <param index="0">
              <value>
                <![CDATA[[Ljava.lang.Object;@1a5a4e19]]>
              </value>
            </param>
          </params>
          <reporter-output>
          </reporter-output>
        </test-method> <!-- sampleTest -->
      </class> <!-- dataProviders.JaggedArrays_DataProviders -->
    </test> <!-- Default test -->
  </suite> <!-- Default suite -->
</testng-results>
