<?xml version="1.0" encoding="UTF-8"?>
<testng-results ignored="0" total="7" passed="7" failed="0" skipped="0">
  <reporter-output>
  </reporter-output>
  <suite started-at="2022-12-28T18:43:47 IST" name="Default suite" finished-at="2022-12-28T18:43:47 IST" duration-ms="232">
    <groups>
    </groups>
    <test started-at="2022-12-28T18:43:47 IST" name="Default test" finished-at="2022-12-28T18:43:47 IST" duration-ms="232">
      <class name="dataProviders.DataProvider_Object">
        <test-method signature="m1(java.lang.String,java.lang.String)[pri:0, instance:dataProviders.DataProvider_Object@60099951]" started-at="2022-12-28T18:43:47 IST" name="m1" data-provider="TwoDimensionalData" finished-at="2022-12-28T18:43:47 IST" duration-ms="21" status="PASS">
          <params>
            <param index="0">
              <value>
                <![CDATA[Yashu]]>
              </value>
            </param>
            <param index="1">
              <value>
                <![CDATA[Baby]]>
              </value>
            </param>
          </params>
          <reporter-output>
          </reporter-output>
        </test-method> <!-- m1 -->
        <test-method signature="m1(java.lang.String,java.lang.String)[pri:0, instance:dataProviders.DataProvider_Object@60099951]" started-at="2022-12-28T18:43:47 IST" name="m1" data-provider="TwoDimensionalData" finished-at="2022-12-28T18:43:47 IST" duration-ms="2" status="PASS">
          <params>
            <param index="0">
              <value>
                <![CDATA[Potti]]>
              </value>
            </param>
            <param index="1">
              <value>
                <![CDATA[Pilla]]>
              </value>
            </param>
          </params>
          <reporter-output>
          </reporter-output>
        </test-method> <!-- m1 -->
        <test-method signature="m1(java.lang.String,java.lang.String)[pri:0, instance:dataProviders.DataProvider_Object@60099951]" started-at="2022-12-28T18:43:47 IST" name="m1" data-provider="TwoDimensionalData" finished-at="2022-12-28T18:43:47 IST" duration-ms="3" status="PASS">
          <params>
            <param index="0">
              <value>
                <![CDATA[Pinki]]>
              </value>
            </param>
            <param index="1">
              <value>
                <![CDATA[Ammulu]]>
              </value>
            </param>
          </params>
          <reporter-output>
          </reporter-output>
        </test-method> <!-- m1 -->
        <test-method signature="m2(java.lang.String)[pri:0, instance:dataProviders.DataProvider_Object@60099951]" started-at="2022-12-28T18:43:47 IST" name="m2" data-provider="OneDimensionalData" finished-at="2022-12-28T18:43:47 IST" duration-ms="4" status="PASS">
          <params>
            <param index="0">
              <value>
                <![CDATA[Yashu]]>
              </value>
            </param>
          </params>
          <reporter-output>
          </reporter-output>
        </test-method> <!-- m2 -->
        <test-method signature="m2(java.lang.String)[pri:0, instance:dataProviders.DataProvider_Object@60099951]" started-at="2022-12-28T18:43:47 IST" name="m2" data-provider="OneDimensionalData" finished-at="2022-12-28T18:43:47 IST" duration-ms="8" status="PASS">
          <params>
            <param index="0">
              <value>
                <![CDATA[Potti]]>
              </value>
            </param>
          </params>
          <reporter-output>
          </reporter-output>
        </test-method> <!-- m2 -->
        <test-method signature="m2(java.lang.String)[pri:0, instance:dataProviders.DataProvider_Object@60099951]" started-at="2022-12-28T18:43:47 IST" name="m2" data-provider="OneDimensionalData" finished-at="2022-12-28T18:43:47 IST" duration-ms="3" status="PASS">
          <params>
            <param index="0">
              <value>
                <![CDATA[Pinky]]>
              </value>
            </param>
          </params>
          <reporter-output>
          </reporter-output>
        </test-method> <!-- m2 -->
        <test-method signature="m2(java.lang.String)[pri:0, instance:dataProviders.DataProvider_Object@60099951]" started-at="2022-12-28T18:43:47 IST" name="m2" data-provider="OneDimensionalData" finished-at="2022-12-28T18:43:47 IST" duration-ms="2" status="PASS">
          <params>
            <param index="0">
              <value>
                <![CDATA[Ammulu]]>
              </value>
            </param>
          </params>
          <reporter-output>
          </reporter-output>
        </test-method> <!-- m2 -->
      </class> <!-- dataProviders.DataProvider_Object -->
    </test> <!-- Default test -->
  </suite> <!-- Default suite -->
</testng-results>
