<?xml version="1.0" encoding="UTF-8"?>
<testng-results ignored="0" total="1" passed="1" failed="0" skipped="0">
  <reporter-output>
  </reporter-output>
  <suite started-at="2022-12-08T13:26:36 IST" name="Suite" finished-at="2022-12-08T13:26:40 IST" duration-ms="4074">
    <groups>
    </groups>
    <test started-at="2022-12-08T13:26:36 IST" name="Test" finished-at="2022-12-08T13:26:40 IST" duration-ms="4074">
      <class name="parameters.LoginParameterization">
        <test-method is-config="true" signature="setUp(java.lang.String)[pri:0, instance:parameters.LoginParameterization@644baf4a]" started-at="2022-12-08T13:26:36 IST" name="setUp" finished-at="2022-12-08T13:26:39 IST" duration-ms="3084" status="PASS">
          <params>
            <param index="0">
              <value>
                <![CDATA[http://tutorialsninja.com/demo/index.php?route=common/home]]>
              </value>
            </param>
          </params>
          <reporter-output>
          </reporter-output>
        </test-method> <!-- setUp -->
        <test-method signature="LoginParams(java.lang.String,java.lang.String)[pri:0, instance:parameters.LoginParameterization@644baf4a]" started-at="2022-12-08T13:26:39 IST" name="LoginParams" finished-at="2022-12-08T13:26:40 IST" duration-ms="931" status="PASS">
          <params>
            <param index="0">
              <value>
                <![CDATA[yaseswiniy@gmail.com]]>
              </value>
            </param>
            <param index="1">
              <value>
                <![CDATA[yashu12345!]]>
              </value>
            </param>
          </params>
          <reporter-output>
          </reporter-output>
        </test-method> <!-- LoginParams -->
      </class> <!-- parameters.LoginParameterization -->
    </test> <!-- Test -->
  </suite> <!-- Suite -->
</testng-results>
