<?xml version="1.0" encoding="UTF-8"?>
<testng-results ignored="0" total="2" passed="2" failed="0" skipped="0">
  <reporter-output>
  </reporter-output>
  <suite started-at="2022-12-07T19:07:01 IST" name="Suite" finished-at="2022-12-07T19:07:25 IST" duration-ms="24033">
    <groups>
    </groups>
    <test started-at="2022-12-07T19:07:01 IST" name="FireFoxTest" finished-at="2022-12-07T19:07:18 IST" duration-ms="16380">
      <class name="cross_Browser.MultiBrowser">
        <test-method is-config="true" signature="beforeTest(java.lang.String)[pri:0, instance:cross_Browser.MultiBrowser@5149d738]" started-at="2022-12-07T19:07:01 IST" name="beforeTest" finished-at="2022-12-07T19:07:16 IST" duration-ms="14674" status="PASS">
          <params>
            <param index="0">
              <value>
                <![CDATA[firefox]]>
              </value>
            </param>
          </params>
          <reporter-output>
          </reporter-output>
        </test-method> <!-- beforeTest -->
        <test-method signature="click_Carousel()[pri:0, instance:cross_Browser.MultiBrowser@5149d738]" started-at="2022-12-07T19:07:16 IST" name="click_Carousel" finished-at="2022-12-07T19:07:16 IST" duration-ms="355" status="PASS">
          <reporter-output>
          </reporter-output>
        </test-method> <!-- click_Carousel -->
        <test-method is-config="true" signature="afterTest()[pri:0, instance:cross_Browser.MultiBrowser@5149d738]" started-at="2022-12-07T19:07:16 IST" name="afterTest" finished-at="2022-12-07T19:07:18 IST" duration-ms="1284" status="PASS">
          <reporter-output>
          </reporter-output>
        </test-method> <!-- afterTest -->
      </class> <!-- cross_Browser.MultiBrowser -->
    </test> <!-- FireFoxTest -->
    <test started-at="2022-12-07T19:07:18 IST" name="ChromeTest" finished-at="2022-12-07T19:07:25 IST" duration-ms="7554">
      <class name="cross_Browser.MultiBrowser">
        <test-method is-config="true" signature="beforeTest(java.lang.String)[pri:0, instance:cross_Browser.MultiBrowser@6e9a5ed8]" started-at="2022-12-07T19:07:18 IST" name="beforeTest" finished-at="2022-12-07T19:07:25 IST" duration-ms="7200" status="PASS">
          <params>
            <param index="0">
              <value>
                <![CDATA[chrome]]>
              </value>
            </param>
          </params>
          <reporter-output>
          </reporter-output>
        </test-method> <!-- beforeTest -->
        <test-method signature="click_Carousel()[pri:0, instance:cross_Browser.MultiBrowser@6e9a5ed8]" started-at="2022-12-07T19:07:25 IST" name="click_Carousel" finished-at="2022-12-07T19:07:25 IST" duration-ms="153" status="PASS">
          <reporter-output>
          </reporter-output>
        </test-method> <!-- click_Carousel -->
        <test-method is-config="true" signature="afterTest()[pri:0, instance:cross_Browser.MultiBrowser@6e9a5ed8]" started-at="2022-12-07T19:07:25 IST" name="afterTest" finished-at="2022-12-07T19:07:25 IST" duration-ms="195" status="PASS">
          <reporter-output>
          </reporter-output>
        </test-method> <!-- afterTest -->
      </class> <!-- cross_Browser.MultiBrowser -->
    </test> <!-- ChromeTest -->
  </suite> <!-- Suite -->
</testng-results>
