<?xml version="1.0" encoding="UTF-8"?>
<testng-results ignored="0" total="5" passed="5" failed="0" skipped="0">
  <reporter-output>
  </reporter-output>
  <suite started-at="2022-12-08T15:54:12 IST" name="Default suite" finished-at="2022-12-08T15:54:35 IST" duration-ms="23037">
    <groups>
    </groups>
    <test started-at="2022-12-08T15:54:12 IST" name="Default test" finished-at="2022-12-08T15:54:35 IST" duration-ms="23037">
      <class name="sample.Login">
        <test-method is-config="true" signature="beforeSuite()[pri:0, instance:sample.Login@196a42c3]" started-at="2022-12-08T15:54:12 IST" name="beforeSuite" finished-at="2022-12-08T15:54:12 IST" duration-ms="28" status="PASS">
          <reporter-output>
          </reporter-output>
        </test-method> <!-- beforeSuite -->
        <test-method is-config="true" signature="beforeTest()[pri:0, instance:sample.Login@196a42c3]" started-at="2022-12-08T15:54:12 IST" name="beforeTest" finished-at="2022-12-08T15:54:12 IST" duration-ms="2" status="PASS">
          <reporter-output>
          </reporter-output>
        </test-method> <!-- beforeTest -->
        <test-method is-config="true" signature="beforeClass()[pri:0, instance:sample.Login@196a42c3]" started-at="2022-12-08T15:54:12 IST" name="beforeClass" finished-at="2022-12-08T15:54:12 IST" duration-ms="2" status="PASS">
          <reporter-output>
          </reporter-output>
        </test-method> <!-- beforeClass -->
        <test-method is-config="true" signature="setUp()[pri:0, instance:sample.Login@196a42c3]" started-at="2022-12-08T15:54:12 IST" name="setUp" finished-at="2022-12-08T15:54:18 IST" duration-ms="6094" status="PASS">
          <reporter-output>
          </reporter-output>
        </test-method> <!-- setUp -->
        <test-method signature="verifyUserLoginWithValidCredential()[pri:1, instance:sample.Login@196a42c3]" started-at="2022-12-08T15:54:18 IST" name="verifyUserLoginWithValidCredential" finished-at="2022-12-08T15:54:20 IST" duration-ms="1326" status="PASS">
          <reporter-output>
          </reporter-output>
        </test-method> <!-- verifyUserLoginWithValidCredential -->
        <test-method is-config="true" signature="tearDown()[pri:0, instance:sample.Login@196a42c3]" started-at="2022-12-08T15:54:20 IST" name="tearDown" finished-at="2022-12-08T15:54:20 IST" duration-ms="399" status="PASS">
          <reporter-output>
          </reporter-output>
        </test-method> <!-- tearDown -->
        <test-method is-config="true" signature="setUp()[pri:0, instance:sample.Login@196a42c3]" started-at="2022-12-08T15:54:20 IST" name="setUp" finished-at="2022-12-08T15:54:23 IST" duration-ms="2425" status="PASS">
          <reporter-output>
          </reporter-output>
        </test-method> <!-- setUp -->
        <test-method signature="verifyUserLoginWithInvalidUserNameAndValidPassword()[pri:2, instance:sample.Login@196a42c3]" started-at="2022-12-08T15:54:23 IST" name="verifyUserLoginWithInvalidUserNameAndValidPassword" finished-at="2022-12-08T15:54:24 IST" duration-ms="1181" status="PASS">
          <reporter-output>
          </reporter-output>
        </test-method> <!-- verifyUserLoginWithInvalidUserNameAndValidPassword -->
        <test-method is-config="true" signature="tearDown()[pri:0, instance:sample.Login@196a42c3]" started-at="2022-12-08T15:54:24 IST" name="tearDown" finished-at="2022-12-08T15:54:24 IST" duration-ms="342" status="PASS">
          <reporter-output>
          </reporter-output>
        </test-method> <!-- tearDown -->
        <test-method is-config="true" signature="setUp()[pri:0, instance:sample.Login@196a42c3]" started-at="2022-12-08T15:54:24 IST" name="setUp" finished-at="2022-12-08T15:54:26 IST" duration-ms="2214" status="PASS">
          <reporter-output>
          </reporter-output>
        </test-method> <!-- setUp -->
        <test-method signature="verifyUserLoginWithValidUserNameAndInvalidPassword()[pri:3, instance:sample.Login@196a42c3]" started-at="2022-12-08T15:54:26 IST" name="verifyUserLoginWithValidUserNameAndInvalidPassword" finished-at="2022-12-08T15:54:28 IST" duration-ms="1362" status="PASS">
          <reporter-output>
          </reporter-output>
        </test-method> <!-- verifyUserLoginWithValidUserNameAndInvalidPassword -->
        <test-method is-config="true" signature="tearDown()[pri:0, instance:sample.Login@196a42c3]" started-at="2022-12-08T15:54:28 IST" name="tearDown" finished-at="2022-12-08T15:54:28 IST" duration-ms="243" status="PASS">
          <reporter-output>
          </reporter-output>
        </test-method> <!-- tearDown -->
        <test-method is-config="true" signature="setUp()[pri:0, instance:sample.Login@196a42c3]" started-at="2022-12-08T15:54:28 IST" name="setUp" finished-at="2022-12-08T15:54:30 IST" duration-ms="2199" status="PASS">
          <reporter-output>
          </reporter-output>
        </test-method> <!-- setUp -->
        <test-method signature="verifyUserLoginWithInvalidCredentials()[pri:4, instance:sample.Login@196a42c3]" started-at="2022-12-08T15:54:30 IST" name="verifyUserLoginWithInvalidCredentials" finished-at="2022-12-08T15:54:31 IST" duration-ms="1217" status="PASS">
          <reporter-output>
          </reporter-output>
        </test-method> <!-- verifyUserLoginWithInvalidCredentials -->
        <test-method is-config="true" signature="tearDown()[pri:0, instance:sample.Login@196a42c3]" started-at="2022-12-08T15:54:31 IST" name="tearDown" finished-at="2022-12-08T15:54:32 IST" duration-ms="318" status="PASS">
          <reporter-output>
          </reporter-output>
        </test-method> <!-- tearDown -->
        <test-method is-config="true" signature="setUp()[pri:0, instance:sample.Login@196a42c3]" started-at="2022-12-08T15:54:32 IST" name="setUp" finished-at="2022-12-08T15:54:34 IST" duration-ms="2239" status="PASS">
          <reporter-output>
          </reporter-output>
        </test-method> <!-- setUp -->
        <test-method signature="verifyUserLoginWithoutGivingCredentials()[pri:5, instance:sample.Login@196a42c3]" started-at="2022-12-08T15:54:34 IST" name="verifyUserLoginWithoutGivingCredentials" finished-at="2022-12-08T15:54:35 IST" duration-ms="1004" status="PASS">
          <reporter-output>
          </reporter-output>
        </test-method> <!-- verifyUserLoginWithoutGivingCredentials -->
        <test-method is-config="true" signature="tearDown()[pri:0, instance:sample.Login@196a42c3]" started-at="2022-12-08T15:54:35 IST" name="tearDown" finished-at="2022-12-08T15:54:35 IST" duration-ms="314" status="PASS">
          <reporter-output>
          </reporter-output>
        </test-method> <!-- tearDown -->
        <test-method is-config="true" signature="afterClass()[pri:0, instance:sample.Login@196a42c3]" started-at="2022-12-08T15:54:35 IST" name="afterClass" finished-at="2022-12-08T15:54:35 IST" duration-ms="1" status="PASS">
          <reporter-output>
          </reporter-output>
        </test-method> <!-- afterClass -->
        <test-method is-config="true" signature="afterTest()[pri:0, instance:sample.Login@196a42c3]" started-at="2022-12-08T15:54:35 IST" name="afterTest" finished-at="2022-12-08T15:54:35 IST" duration-ms="1" status="PASS">
          <reporter-output>
          </reporter-output>
        </test-method> <!-- afterTest -->
        <test-method is-config="true" signature="afterSuite()[pri:0, instance:sample.Login@196a42c3]" started-at="2022-12-08T15:54:35 IST" name="afterSuite" finished-at="2022-12-08T15:54:35 IST" duration-ms="1" status="PASS">
          <reporter-output>
          </reporter-output>
        </test-method> <!-- afterSuite -->
      </class> <!-- sample.Login -->
    </test> <!-- Default test -->
  </suite> <!-- Default suite -->
</testng-results>
