<?xml version="1.0" encoding="UTF-8"?>
<testng-results ignored="0" total="2" passed="2" failed="0" skipped="0">
  <reporter-output>
  </reporter-output>
  <suite started-at="2022-12-30T13:34:03 IST" name="Default suite" finished-at="2022-12-30T13:34:03 IST" duration-ms="98">
    <groups>
    </groups>
    <test started-at="2022-12-30T13:34:03 IST" name="Default test" finished-at="2022-12-30T13:34:03 IST" duration-ms="98">
      <class name="dataProviders.PartialPassingDataUsingIndices">
        <test-method signature="sampleTest(java.lang.String)[pri:0, instance:dataProviders.PartialPassingDataUsingIndices@740cae06]" started-at="2022-12-30T13:34:03 IST" name="sampleTest" data-provider="dataSupply" finished-at="2022-12-30T13:34:03 IST" duration-ms="10" status="PASS">
          <params>
            <param index="0">
              <value>
                <![CDATA[a]]>
              </value>
            </param>
          </params>
          <reporter-output>
          </reporter-output>
        </test-method> <!-- sampleTest -->
        <test-method signature="sampleTest(java.lang.String)[pri:0, instance:dataProviders.PartialPassingDataUsingIndices@740cae06]" started-at="2022-12-30T13:34:03 IST" name="sampleTest" data-provider="dataSupply" finished-at="2022-12-30T13:34:03 IST" duration-ms="2" status="PASS">
          <params>
            <param index="0">
              <value>
                <![CDATA[d]]>
              </value>
            </param>
          </params>
          <reporter-output>
          </reporter-output>
        </test-method> <!-- sampleTest -->
      </class> <!-- dataProviders.PartialPassingDataUsingIndices -->
    </test> <!-- Default test -->
  </suite> <!-- Default suite -->
</testng-results>
